2026-01-26 00:51:23,218 - INFO - Log directory: ./libcity/log
2026-01-26 00:51:23,219 - INFO - Begin pipeline, task=traffic_state_pred, model_name=PDFormer, dataset_name=PeMS04, exp_id=89663
2026-01-26 00:51:23,219 - INFO - {'task': 'traffic_state_pred', 'model': 'PDFormer', 'dataset': 'PeMS04', 'saved_model': True, 'train': True, 'local_rank': 0, 'batch_size': 64, 'initial_ckpt': None, 'dataset_class': 'PDFormerDataset', 'input_window': 12, 'output_window': 12, 'train_rate': 0.6, 'eval_rate': 0.2, 'add_time_in_day': True, 'add_day_in_week': True, 'step_size': 1274, 'max_epoch': 200, 'bidir': True, 'far_mask_delta': 7, 'geo_num_heads': 4, 'sem_num_heads': 2, 't_num_heads': 2, 'cluster_method': 'kshape', 'cand_key_days': 14, 'seed': 1, 'type_ln': 'pre', 'set_loss': 'huber', 'huber_delta': 2, 'mode': 'average', 'executor': 'PDFormerExecutor', 'evaluator': 'TrafficStateEvaluator', 'embed_dim': 64, 'skip_dim': 256, 'mlp_ratio': 4, 'qkv_bias': True, 'drop': 0, 'attn_drop': 0, 'drop_path': 0.3, 's_attn_size': 3, 't_attn_size': 1, 'enc_depth': 6, 'type_short_path': 'hop', 'scaler': 'standard', 'load_external': True, 'normal_external': False, 'ext_scaler': 'none', 'learner': 'adamw', 'learning_rate': 0.001, 'weight_decay': 0.05, 'lr_decay': True, 'lr_scheduler': 'cosinelr', 'lr_eta_min': 0.0001, 'lr_decay_ratio': 0.1, 'lr_warmup_epoch': 5, 'lr_warmup_init': 1e-06, 'clip_grad_norm': True, 'max_grad_norm': 5, 'use_early_stop': True, 'patience': 50, 'task_level': 0, 'use_curriculum_learning': True, 'random_flip': True, 'quan_delta': 0.25, 'dtw_delta': 5, 'cache_dataset': True, 'num_workers': 0, 'pad_with_last_sample': True, 'lape_dim': 8, 'gpu': True, 'gpu_id': 0, 'train_loss': 'none', 'epoch': 0, 'lr_epsilon': 1e-08, 'lr_beta1': 0.9, 'lr_beta2': 0.999, 'lr_alpha': 0.99, 'lr_momentum': 0, 'steps': [5, 20, 40, 70], 'lr_T_max': 30, 'lr_patience': 10, 'lr_threshold': 0.0001, 'log_level': 'INFO', 'log_every': 1, 'load_best_epoch': True, 'hyper_tune': False, 'grad_accmu_steps': 1, 'metrics': ['MAE', 'MAPE', 'RMSE', 'masked_MAE', 'masked_MAPE', 'masked_RMSE'], 'save_modes': ['csv'], 'geo': {'including_types': ['Point'], 'Point': {}}, 'rel': {'including_types': ['geo'], 'geo': {'cost': 'num'}}, 'dyna': {'including_types': ['state'], 'state': {'entity_id': 'geo_id', 'traffic_flow': 'num', 'traffic_occupancy': 'num', 'traffic_speed': 'num'}}, 'data_col': ['traffic_flow'], 'weight_col': 'cost', 'data_files': ['PeMS04'], 'geo_file': 'PeMS04', 'rel_file': 'PeMS04', 'output_dim': 1, 'time_intervals': 300, 'init_weight_inf_or_zero': 'zero', 'set_weight_link_or_dist': 'link', 'calculate_weight_adj': False, 'weight_adj_epsilon': 0, 'distributed': False, 'device': device(type='cuda', index=0), 'exp_id': 89663}
2026-01-26 00:51:23,774 - INFO - Loaded file PeMS04.geo, num_nodes=307
2026-01-26 00:51:23,776 - INFO - set_weight_link_or_dist: link
2026-01-26 00:51:23,776 - INFO - init_weight_inf_or_zero: zero
2026-01-26 00:51:23,840 - INFO - Loaded file PeMS04.rel, shape=(307, 307)
2026-01-26 00:51:23,840 - INFO - Max adj_mx value = 1.0
2026-01-26 00:52:43,030 - INFO - Loading file PeMS04.dyna
2026-01-26 00:52:47,343 - INFO - Loaded file PeMS04.dyna, shape=(16992, 307, 1)
2026-01-26 00:52:47,378 - INFO - Load DTW matrix from ./libcity/cache/dataset_cache/dtw_PeMS04.npy
2026-01-26 00:52:47,378 - INFO - Loading file PeMS04.dyna
2026-01-26 00:52:51,728 - INFO - Loaded file PeMS04.dyna, shape=(16992, 307, 1)
2026-01-26 00:53:01,867 - INFO - Dataset created
2026-01-26 00:53:01,867 - INFO - x shape: (16969, 12, 307, 9), y shape: (16969, 12, 307, 9)
2026-01-26 00:53:01,887 - INFO - train	x: (10181, 12, 307, 9), y: (10181, 12, 307, 9)
2026-01-26 00:53:01,887 - INFO - eval	x: (3394, 12, 307, 9), y: (3394, 12, 307, 9)
2026-01-26 00:53:01,887 - INFO - test	x: (3394, 12, 307, 9), y: (3394, 12, 307, 9)
2026-01-26 00:54:17,441 - INFO - Saved at ./libcity/cache/dataset_cache/pdformer_point_based_PeMS04_12_12_0.6_1_0.2_standard_64_True_True_True_True_traffic_flow.npz
2026-01-26 00:54:18,119 - INFO - StandardScaler mean: 207.22733840505313, std: 156.47765518492758
2026-01-26 00:54:18,119 - INFO - NoneScaler
2026-01-26 00:54:25,426 - INFO - Loaded file ./libcity/cache/dataset_cache/pattern_keys_kshape_PeMS04_14_3_16_5.npy
2026-01-26 00:54:25,448 - INFO - Use use_curriculum_learning!
